8 rnbqkbnr
7 pppppppp
6  _ _ _ _
5 _ _ _ _ 
4  _ _ _ _
3 _ _ _ _ 
2 PPPPPPPP
1 RNBQKBNR

  abcdefgh
8  _ _ _ _
7 _ _ _ _ 
6  _ _ _ _
5 _ _ _ _ 
4  _ _ _ _
3 _ _ _ _ 
2  _ _ _ _
1 k _ _ _ 

  abcdefgh
8  _ _ _ _
7 _ _ _ _ 
6  _ _ _ _
5 _ _ _ _ 
4  Q _ _ _
3 _ _ _ _ 
2  _ _ _ _
1 k _ _ _ 

  abcdefgh
8  _ _ _ _
7 _ _ _ _ 
6  _ _ _ _
5 _ _ _ _ 
4  Q _ p _
3 _ _ _ _ 
2  _ _ _ _
1 k _ _ _ 

  abcdefgh
8  _ _ _ _
7 _R_ _ _ 
6  _ _ _ _
5 _ _ _ _ 
4  Q _ p _
3 _ _ _ _ 
2  _ _ _ _
1 k _ _ _ 

  abcdefgh
8 K_ _ _ _
7 _R_ _ _ 
6  _ _ _ _
5 _ _ _ _ 
4  Q _ p _
3 _ _ _ _ 
2  _ _ _ _
1 k _ _ _ 

  abcdefgh
Setup completed!
8 K_ _ _ _
7 _R_ _ _ 
6  _ _ _ _
5 _ _ _ _ 
4  _ _ p _
3 _Q_ _ _ 
2  _ _ _ _
1 k _ _ _ 

  abcdefgh
8 K_ _ _ _
7 _R_ _ _ 
6  _ _ _ _
5 _ _ _ _ 
4  _ _ _ _
3 _Q_ _p_ 
2  _ _ _ _
1 k _ _ _ 

  abcdefgh
8 K_ _ _ _
7 R _ _ _ 
6  _ _ _ _
5 _ _ _ _ 
4  _ _ _ _
3 _Q_ _p_ 
2  _ _ _ _
1 k _ _ _ 

  abcdefgh
Checkmate! White wins!
Final Score:
White: 1
Black: 0
