8 rnbqkbnr
7 pppppppp
6  _ _ _ _
5 _ _ _ _ 
4  _ _ _ _
3 _ _ _ _ 
2 PPPPPPPP
1 RNBQKBNR

  abcdefgh
8  _ _ _ _
7 _ _ _ _ 
6  _ _ _ _
5 _ _ _ _ 
4  _ _ _ _
3 _ _ _ _ 
2  _ _ _ _
1 _ _ K _ 

  abcdefgh
8  _ _k_ _
7 _ _ _ _ 
6  _ _ _ _
5 _ _ _ _ 
4  _ _ _ _
3 _ _ _ _ 
2  _ _ _ _
1 _ _ K _ 

  abcdefgh
8  _ qk_ _
7 _ _ _ _ 
6  _ _ _ _
5 _ _ _ _ 
4  _ _ _ _
3 _ _ _ _ 
2  _ _ _ _
1 _ _ K _ 

  abcdefgh
Setup completed!
8  _ qk_ _
7 _ _ _ _ 
6  _ _ _ _
5 _ _ _ _ 
4  _ _ _ _
3 _ _ _ _ 
2  _ _ _ _
1 _ _ _K_ 

  abcdefgh
8  _ _k_ _
7 _ _ _ _ 
6  _ _ _ _
5 _ _q_ _ 
4  _ _ _ _
3 _ _ _ _ 
2  _ _ _ _
1 _ _ _K_ 

  abcdefgh
8  _ _k_ _
7 _ _ _ _ 
6  _ _ _ _
5 _ _q_ _ 
4  _ _ _ _
3 _ _ _ _ 
2  _ _ _ _
1 _ _ K _ 

  abcdefgh
8  _ _k_ _
7 _ _ _ _ 
6  _ _ _ _
5 _ _ _ _ 
4  _ _ _ _
3 _ _ _ _ 
2 q_ _ _ _
1 _ _ K _ 

  abcdefgh
8  _ _k_ _
7 _ _ _ _ 
6  _ _ _ _
5 _ _ _ _ 
4  _ _ _ _
3 _ _ _ _ 
2 q_ _ _ _
1 _ _ _K_ 

  abcdefgh
8  _ _k_ _
7 _ _ _ _ 
6  _ _ _ _
5 _ _q_ _ 
4  _ _ _ _
3 _ _ _ _ 
2  _ _ _ _
1 _ _ _K_ 

  abcdefgh
8  _ _k_ _
7 _ _ _ _ 
6  _ _ _ _
5 _ _q_ _ 
4  _ _ _ _
3 _ _ _ _ 
2  _ _ _ _
1 _ _ _ K 

  abcdefgh
8  _ _k_ _
7 _ _ _ _ 
6  _ _ _ _
5 _ _ _ _ 
4  _ _q_ _
3 _ _ _ _ 
2  _ _ _ _
1 _ _ _ K 

  abcdefgh
8  _ _k_ _
7 _ _ _ _ 
6  _ _ _ _
5 _ _ _ _ 
4  _ _q_ _
3 _ _ _ _ 
2  _ _ _ _
1 _ _ _K_ 

  abcdefgh
8  _ _k_ _
7 _ _ _ _ 
6  _q_ _ _
5 _ _ _ _ 
4  _ _ _ _
3 _ _ _ _ 
2  _ _ _ _
1 _ _ _K_ 

  abcdefgh
8  _ _k_ _
7 _ _ _ _ 
6  _q_ _ _
5 _ _ _ _ 
4  _ _ _ _
3 _ _ _ _ 
2  _ _ _ _
1 _ _ K _ 

  abcdefgh
8  _q_k_ _
7 _ _ _ _ 
6  _ _ _ _
5 _ _ _ _ 
4  _ _ _ _
3 _ _ _ _ 
2  _ _ _ _
1 _ _ K _ 

  abcdefgh
8  _q_k_ _
7 _ _ _ _ 
6  _ _ _ _
5 _ _ _ _ 
4  _ _ _ _
3 _ _ _ _ 
2  _ _ _ _
1 _ _ _K_ 

  abcdefgh
Invalid move
Final Score:
White: 0
Black: 0
